\BOOKMARK [1][-]{section*.1}{Introducdtion}{}% 1
\BOOKMARK [2][-]{subsection*.5}{A counterfactual simulation model of physical support}{section*.1}% 2
\BOOKMARK [1][-]{section*.12}{Experiment 1}{}% 3
\BOOKMARK [2][-]{subsection*.13}{Methods}{section*.12}% 4
\BOOKMARK [3][-]{subsubsection*.14}{Design \046 Procedure}{subsection*.13}% 5
\BOOKMARK [3][-]{subsubsection*.16}{Participants}{subsection*.13}% 6
\BOOKMARK [2][-]{subsection*.18}{Results}{section*.12}% 7
\BOOKMARK [3][-]{subsubsection*.19}{Selection condition}{subsection*.18}% 8
\BOOKMARK [3][-]{subsubsection*.23}{Prediction condition}{subsection*.18}% 9
\BOOKMARK [3][-]{subsubsection*.26}{Responsibility condition}{subsection*.18}% 10
\BOOKMARK [2][-]{subsection*.29}{Discussion}{section*.12}% 11
\BOOKMARK [1][-]{section*.31}{Experiment 2}{}% 12
\BOOKMARK [2][-]{subsection*.33}{Methods}{section*.31}% 13
\BOOKMARK [3][-]{subsubsection*.34}{Design \046 Procedure}{subsection*.33}% 14
\BOOKMARK [3][-]{subsubsection*.38}{Participants}{subsection*.33}% 15
\BOOKMARK [2][-]{subsection*.39}{Results}{section*.31}% 16
\BOOKMARK [3][-]{subsubsection*.40}{Selection condition}{subsection*.39}% 17
\BOOKMARK [3][-]{subsubsection*.43}{Prediction condition}{subsection*.39}% 18
\BOOKMARK [3][-]{subsubsection*.44}{Responsibility condition}{subsection*.39}% 19
\BOOKMARK [2][-]{subsection*.45}{Discussion}{section*.31}% 20
\BOOKMARK [1][-]{section*.46}{General Discussion}{}% 21
\BOOKMARK [1][-]{section*.47}{To do list}{}% 22
\BOOKMARK [1][-]{section*.48}{Literature review}{}% 23
\BOOKMARK [2][-]{subsection*.49}{freyd1987dynamic}{section*.48}% 24
